C51 COMPILER V9.01   LCD                                                                   09/25/2018 18:07:57 PAGE 1   


C51 COMPILER V9.01, COMPILATION OF MODULE LCD
OBJECT MODULE PLACED IN lcd.OBJ
COMPILER INVOKED BY: E:\mdk514\keil5\C51\BIN\C51.EXE lcd.c OPTIMIZE(8,SPEED) BROWSE DEBUG OBJECTEXTEND TABS(2)

line level    source

   1          #include<lcd.h>
   2          #define uchar unsigned char
   3          #define uint unsigned int
   4          
   5          void Lcd_delayms(uchar yms)
   6          {
   7   1        uchar a,b;
   8   1        for(a=yms;a>0;a--)
   9   1          for(b=110;b>0;b--);
  10   1      }
  11          //向LCD写入一个字节的命令
  12          void LcdWriteCom(uchar com)   //写入命令
  13          {
  14   1        LCD1602_E = 0;     //使能
  15   1        LCD1602_RS = 0;    //选择发送命令
  16   1        LCD1602_RW = 0;    //选择写入
  17   1        
  18   1        LCD1602_DATAPINS = com;     //放入命令
  19   1        Lcd_delayms(1);   //等待数据稳定
  20   1      
  21   1        LCD1602_E = 1;            //写入时序
  22   1        Lcd_delayms(5);   //保持时间
  23   1        LCD1602_E = 0;
  24   1      }
  25          //向LCD写入一个数据的命令
  26          void LcdWriteData(uchar dat)      //写入数据
  27          {
  28   1        LCD1602_E = 0;  //使能清零
  29   1        LCD1602_RS = 1; //选择输入数据
  30   1        LCD1602_RW = 0; //选择写入
  31   1      
  32   1        LCD1602_DATAPINS = dat; //写入数据
  33   1        Lcd_delayms(1);
  34   1      
  35   1        LCD1602_E = 1;   //写入时序
  36   1        Lcd_delayms(5);   //保持时间
  37   1        LCD1602_E = 0;
  38   1      }
  39          //LCD初始化
  40          void LcdInit()
  41          {
  42   1        LcdWriteCom(0x38);  //开显示
  43   1        LcdWriteCom(0x0c);  //开显示不显示光标
  44   1        LcdWriteCom(0x06);  //写一个指针加1
  45   1        LcdWriteCom(0x01);  //清屏
  46   1        LcdWriteCom(0x80);  //设置数据指针起点
  47   1      }


MODULE INFORMATION:   STATIC OVERLAYABLE
   CODE SIZE        =     72    ----
   CONSTANT SIZE    =   ----    ----
   XDATA SIZE       =   ----    ----
   PDATA SIZE       =   ----    ----
   DATA SIZE        =   ----    ----
C51 COMPILER V9.01   LCD                                                                   09/25/2018 18:07:57 PAGE 2   

   IDATA SIZE       =   ----    ----
   BIT SIZE         =   ----    ----
END OF MODULE INFORMATION.


C51 COMPILATION COMPLETE.  0 WARNING(S),  0 ERROR(S)
